<?xml version="1.0" encoding="UTF-8"?>
<testng-results skipped="0" failed="0" ignored="0" total="1" passed="1">
  <reporter-output>
  </reporter-output>
  <suite name="Suite" duration-ms="9159" started-at="2017-12-17T03:32:08Z" finished-at="2017-12-17T03:32:17Z">
    <groups>
    </groups>
    <test name="Test" duration-ms="9159" started-at="2017-12-17T03:32:08Z" finished-at="2017-12-17T03:32:17Z">
      <class name="praaaa.NewTest">
        <test-method status="PASS" signature="f()[pri:0, instance:praaaa.NewTest@6108b2d7]" name="f" duration-ms="9112" started-at="2017-12-17T09:02:08Z" finished-at="2017-12-17T09:02:17Z">
          <reporter-output>
          </reporter-output>
        </test-method> <!-- f -->
      </class> <!-- praaaa.NewTest -->
    </test> <!-- Test -->
  </suite> <!-- Suite -->
</testng-results>
