<?xml version="1.0" encoding="UTF-8"?>
<testng-results skipped="0" failed="0" ignored="0" total="1" passed="1">
  <reporter-output>
  </reporter-output>
  <suite name="Default suite" duration-ms="14756" started-at="2017-12-17T03:04:13Z" finished-at="2017-12-17T03:04:28Z">
    <groups>
    </groups>
    <test name="Default test" duration-ms="14756" started-at="2017-12-17T03:04:13Z" finished-at="2017-12-17T03:04:28Z">
      <class name="praaaa.NewTest">
        <test-method status="PASS" signature="f()[pri:0, instance:praaaa.NewTest@5b275dab]" name="f" duration-ms="14723" started-at="2017-12-17T08:34:13Z" finished-at="2017-12-17T08:34:28Z">
          <reporter-output>
          </reporter-output>
        </test-method> <!-- f -->
      </class> <!-- praaaa.NewTest -->
    </test> <!-- Default test -->
  </suite> <!-- Default suite -->
</testng-results>
